#
# There is insufficient memory for the Java Runtime Environment to continue.
# Native memory allocation (malloc) failed to allocate 1009776 bytes for Chunk::new
# Possible reasons:
#   The system is out of physical RAM or swap space
#   The process is running with CompressedOops enabled, and the Java Heap may be blocking the growth of the native heap
# Possible solutions:
#   Reduce memory load on the system
#   Increase physical memory or swap space
#   Check if swap backing store is full
#   Decrease Java heap size (-Xmx/-Xms)
#   Decrease number of Java threads
#   Decrease Java thread stack sizes (-Xss)
#   Set larger code cache with -XX:ReservedCodeCacheSize=
#   JVM is running with Unscaled Compressed Oops mode in which the Java heap is
#     placed in the first 4GB address space. The Java Heap base address is the
#     maximum limit for the native heap growth. Please use -XX:HeapBaseMinAddress
#     to set the Java Heap base and to place the Java Heap above 4GB virtual address.
# This output file may be truncated or incomplete.
#
#  Out of Memory Error (./src/hotspot/share/memory/arena.cpp:197), pid=19580, tid=13236
#
# JRE version: OpenJDK Runtime Environment (11.0.13) (build 11.0.13+0-b1751.21-8125866)
# Java VM: OpenJDK 64-Bit Server VM (11.0.13+0-b1751.21-8125866, mixed mode, tiered, compressed oops, g1 gc, windows-amd64)
# No core dump will be written. Minidumps are not enabled by default on client versions of Windows
#

---------------  S U M M A R Y ------------

Command Line: --add-opens=java.base/java.util=ALL-UNNAMED --add-opens=java.base/java.lang=ALL-UNNAMED --add-opens=java.base/java.lang.invoke=ALL-UNNAMED --add-opens=java.prefs/java.util.prefs=ALL-UNNAMED -Xmx1536M -Dfile.encoding=windows-1256 -Duser.country=SA -Duser.language=ar -Duser.variant org.gradle.launcher.daemon.bootstrap.GradleDaemon 6.7

Host: Intel(R) Core(TM) i5-5300U CPU @ 2.30GHz, 4 cores, 7G,  Windows 10 , 64 bit Build 18362 (10.0.18362.1500)
Time: Sun Nov  6 16:34:11 2022 C????I?E - C?E???E C????? elapsed time: 45.236463 seconds (0d 0h 0m 45s)

---------------  T H R E A D  ---------------

Current thread (0x00000204a936e800):  JavaThread "C2 CompilerThread0" daemon [_thread_in_native, id=13236, stack(0x000000b70c900000,0x000000b70ca00000)]


Current CompileTask:
C2:  45236 7234       4       java.lang.reflect.AccessibleObject::checkCanSetAccessible (386 bytes)

Stack: [0x000000b70c900000,0x000000b70ca00000]
Native frames: (J=compiled Java code, j=interpreted, Vv=VM code, C=native code)
V  [jvm.dll+0x6100fa]
V  [jvm.dll+0x747090]
V  [jvm.dll+0x7486ad]
V  [jvm.dll+0x748d83]
V  [jvm.dll+0x24ab48]
V  [jvm.dll+0xc04dc]
V  [jvm.dll+0xc0a0c]
V  [jvm.dll+0x35eb9d]
V  [jvm.dll+0x19d9bc]
V  [jvm.dll+0x2033be]
V  [jvm.dll+0x202437]
V  [jvm.dll+0x188e01]
V  [jvm.dll+0x21106b]
V  [jvm.dll+0x20f8c1]
V  [jvm.dll+0x70de0f]
V  [jvm.dll+0x706a75]
V  [jvm.dll+0x60ed66]
C  [ucrtbase.dll+0x210b2]
C  [KERNEL32.DLL+0x17c24]
C  [ntdll.dll+0x6d721]


---------------  P R O C E S S  ---------------

Threads class SMR info:
_java_thread_list=0x00000204ae9017f0, length=150, elements={
0x00000204900dd000, 0x00000204a89ba000, 0x00000204a89de000, 0x00000204a936a000,
0x00000204a936c000, 0x00000204a936d000, 0x00000204a936e800, 0x00000204a93aa800,
0x00000204a93b3800, 0x00000204a94b4000, 0x00000204aae81800, 0x00000204a9e59800,
0x00000204aad7a000, 0x00000204aa5fc000, 0x00000204aa5fd000, 0x00000204aa8f1000,
0x00000204aa8f2000, 0x00000204ab01b000, 0x00000204aa6aa000, 0x00000204aa1e6800,
0x00000204aaff3000, 0x00000204aaff7000, 0x00000204aaff3800, 0x00000204aaff5800,
0x00000204aaff7800, 0x00000204aaff6000, 0x00000204aaff8800, 0x00000204aaff9800,
0x00000204aaff4800, 0x00000204ab61b800, 0x00000204ab619000, 0x00000204ab61c000,
0x00000204ab61a800, 0x00000204ab617800, 0x00000204ab61e000, 0x00000204ab619800,
0x00000204ab618000, 0x00000204ab623800, 0x00000204ab622000, 0x00000204ab624800,
0x00000204ab61e800, 0x00000204ab620000, 0x00000204ab621000, 0x00000204ab61f800,
0x00000204ab622800, 0x00000204ab625000, 0x00000204ab626000, 0x00000204ab874000,
0x00000204ab872800, 0x00000204ab875000, 0x00000204ab873800, 0x00000204ab876000,
0x00000204ab876800, 0x00000204ab871800, 0x00000204ab871000, 0x00000204ab877800,
0x00000204ab87c800, 0x00000204ab87a000, 0x00000204ab87e000, 0x00000204ab878000,
0x00000204ab87f000, 0x00000204ab87d000, 0x00000204ab87a800, 0x00000204ab87b800,
0x00000204ab879000, 0x00000204ab87f800, 0x00000204ac1bc000, 0x00000204ac1b8000,
0x00000204ac1bb000, 0x00000204ac1ba800, 0x00000204ac1bd000, 0x00000204ac1b8800,
0x00000204ac1b7000, 0x00000204ac1bd800, 0x00000204ac1be800, 0x00000204ac1bf800,
0x00000204ac1b9800, 0x00000204ac1c6000, 0x00000204ac1c1800, 0x00000204ac1c3800,
0x00000204ac1c4000, 0x00000204ac1c1000, 0x00000204ac1c5000, 0x00000204ac1c2800,
0x00000204ac1c0000, 0x00000204abc1b000, 0x00000204abc17000, 0x00000204abc1c000,
0x00000204abc16800, 0x00000204abc18000, 0x00000204abc1e800, 0x00000204abc1a800,
0x00000204abc18800, 0x00000204abc1d000, 0x00000204abc1f800, 0x00000204abc19800,
0x00000204abc23800, 0x00000204abc22800, 0x00000204abc1d800, 0x00000204abc24000,
0x00000204abc21000, 0x00000204abc25000, 0x00000204abc20000, 0x00000204abc21800,
0x00000204aa648800, 0x00000204aa649800, 0x00000204aa64a800, 0x00000204aa64d800,
0x00000204aa64b000, 0x00000204aa64c000, 0x00000204aa64c800, 0x00000204aa648000,
0x00000204aa64e800, 0x00000204aea00000, 0x00000204aea05000, 0x00000204aea02800,
0x00000204ae9ff800, 0x00000204aea01000, 0x00000204aea06000, 0x00000204aea03800,
0x00000204aea04000, 0x00000204aea06800, 0x00000204aea07800, 0x00000204aea01800,
0x00000204aea0b800, 0x00000204aea08800, 0x00000204aea09000, 0x00000204aea0e000,
0x00000204aea0a800, 0x00000204aea0c800, 0x00000204aea0d000, 0x00000204aea0a000,
0x00000204abd61000, 0x00000204abd65000, 0x00000204abd5f800, 0x00000204abd61800,
0x00000204abd66000, 0x00000204abd62800, 0x00000204abd60000, 0x00000204abd64000,
0x00000204abd66800, 0x00000204abd67800, 0x00000204abd68800, 0x00000204abd63800,
0x00000204abd6d000, 0x00000204abd6e000, 0x00000204abd6b800, 0x00000204abd69000,
0x00000204abd6c800, 0x00000204abd6a000
}

Java Threads: ( => current thread )
  0x00000204900dd000 JavaThread "main" [_thread_blocked, id=1124, stack(0x000000b70bd00000,0x000000b70be00000)]
  0x00000204a89ba000 JavaThread "Reference Handler" daemon [_thread_blocked, id=10360, stack(0x000000b70c400000,0x000000b70c500000)]
  0x00000204a89de000 JavaThread "Finalizer" daemon [_thread_blocked, id=19244, stack(0x000000b70c500000,0x000000b70c600000)]
  0x00000204a936a000 JavaThread "Signal Dispatcher" daemon [_thread_blocked, id=17472, stack(0x000000b70c600000,0x000000b70c700000)]
  0x00000204a936c000 JavaThread "Attach Listener" daemon [_thread_blocked, id=19084, stack(0x000000b70c700000,0x000000b70c800000)]
  0x00000204a936d000 JavaThread "Service Thread" daemon [_thread_blocked, id=4152, stack(0x000000b70c800000,0x000000b70c900000)]
=>0x00000204a936e800 JavaThread "C2 CompilerThread0" daemon [_thread_in_native, id=13236, stack(0x000000b70c900000,0x000000b70ca00000)]
  0x00000204a93aa800 JavaThread "C1 CompilerThread0" daemon [_thread_in_native, id=11056, stack(0x000000b70ca00000,0x000000b70cb00000)]
  0x00000204a93b3800 JavaThread "Sweeper thread" daemon [_thread_blocked, id=15604, stack(0x000000b70cb00000,0x000000b70cc00000)]
  0x00000204a94b4000 JavaThread "Common-Cleaner" daemon [_thread_blocked, id=8896, stack(0x000000b70cc00000,0x000000b70cd00000)]
  0x00000204aae81800 JavaThread "Daemon health stats" [_thread_blocked, id=2804, stack(0x000000b70d000000,0x000000b70d100000)]
  0x00000204a9e59800 JavaThread "Incoming local TCP Connector on port 51008" [_thread_in_native, id=18996, stack(0x000000b70d300000,0x000000b70d400000)]
  0x00000204aad7a000 JavaThread "Daemon periodic checks" [_thread_blocked, id=19204, stack(0x000000b70d400000,0x000000b70d500000)]
  0x00000204aa5fc000 JavaThread "Daemon" [_thread_blocked, id=3696, stack(0x000000b70d500000,0x000000b70d600000)]
  0x00000204aa5fd000 JavaThread "Handler for socket connection from /127.0.0.1:51008 to /127.0.0.1:51009" [_thread_in_native, id=15464, stack(0x000000b70d600000,0x000000b70d700000)]
  0x00000204aa8f1000 JavaThread "Cancel handler" [_thread_blocked, id=11068, stack(0x000000b70d700000,0x000000b70d800000)]
  0x00000204aa8f2000 JavaThread "Daemon worker" [_thread_in_Java, id=11272, stack(0x000000b70d800000,0x000000b70d900000)]
  0x00000204ab01b000 JavaThread "Asynchronous log dispatcher for DefaultDaemonConnection: socket connection from /127.0.0.1:51008 to /127.0.0.1:51009" [_thread_blocked, id=16644, stack(0x000000b70d900000,0x000000b70da00000)]
  0x00000204aa6aa000 JavaThread "Stdin handler" [_thread_blocked, id=13264, stack(0x000000b70da00000,0x000000b70db00000)]
  0x00000204aa1e6800 JavaThread "Thread-8" [_thread_blocked, id=348, stack(0x000000b70db00000,0x000000b70dc00000)]
  0x00000204aaff3000 JavaThread "Cache worker for file hash cache (C:\Users\Eng Akeid Altamimi\.gradle\caches\6.7\fileHashes)" [_thread_blocked, id=11496, stack(0x000000b70dd00000,0x000000b70de00000)]
  0x00000204aaff7000 JavaThread "File lock request listener" [_thread_in_native, id=13096, stack(0x000000b70de00000,0x000000b70df00000)]
  0x00000204aaff3800 JavaThread "Cache worker for journal cache (C:\Users\Eng Akeid Altamimi\.gradle\caches\journal-1)" [_thread_blocked, id=9640, stack(0x000000b70df00000,0x000000b70e000000)]
  0x00000204aaff5800 JavaThread "Cache worker for file hash cache (D:\mobile\src\al_baseetApp_main\al_baseet\android\.gradle\6.7\fileHashes)" [_thread_blocked, id=5816, stack(0x000000b70e000000,0x000000b70e100000)]
  0x00000204aaff7800 JavaThread "Cache worker for checksums cache (D:\mobile\src\al_baseetApp_main\al_baseet\android\.gradle\checksums)" [_thread_blocked, id=19516, stack(0x000000b70e100000,0x000000b70e200000)]
  0x00000204aaff6000 JavaThread "Cache worker for cache directory md-supplier (C:\Users\Eng Akeid Altamimi\.gradle\caches\6.7\md-supplier)" [_thread_blocked, id=15400, stack(0x000000b70e200000,0x000000b70e300000)]
  0x00000204aaff8800 JavaThread "Cache worker for cache directory md-rule (C:\Users\Eng Akeid Altamimi\.gradle\caches\6.7\md-rule)" [_thread_blocked, id=3192, stack(0x000000b70e300000,0x000000b70e400000)]
  0x00000204aaff9800 JavaThread "Cache worker for execution history cache (C:\Users\Eng Akeid Altamimi\.gradle\caches\6.7\executionHistory)" [_thread_blocked, id=13036, stack(0x000000b70e400000,0x000000b70e500000)]
  0x00000204aaff4800 JavaThread "jar transforms" [_thread_blocked, id=18572, stack(0x000000b70e500000,0x000000b70e600000)]
  0x00000204ab61b800 JavaThread "Cache worker for file content cache (C:\Users\Eng Akeid Altamimi\.gradle\caches\6.7\fileContent)" [_thread_blocked, id=19760, stack(0x000000b70e600000,0x000000b70e700000)]
  0x00000204ab619000 JavaThread "Cache worker for Build Output Cleanup Cache (D:\mobile\src\al_baseetApp_main\al_baseet\android\.gradle\buildOutputCleanup)" [_thread_blocked, id=11704, stack(0x000000b70e700000,0x000000b70e800000)]
  0x00000204ab61c000 JavaThread "Build operations" [_thread_blocked, id=20136, stack(0x000000b70e800000,0x000000b70e900000)]
  0x00000204ab61a800 JavaThread "Build operations Thread 2" [_thread_blocked, id=2700, stack(0x000000b70e900000,0x000000b70ea00000)]
  0x00000204ab617800 JavaThread "Build operations Thread 3" [_thread_blocked, id=5128, stack(0x000000b70ea00000,0x000000b70eb00000)]
  0x00000204ab61e000 JavaThread "Build operations Thread 4" [_thread_blocked, id=9892, stack(0x000000b70eb00000,0x000000b70ec00000)]
  0x00000204ab619800 JavaThread "jar transforms Thread 2" [_thread_blocked, id=10540, stack(0x000000b70ec00000,0x000000b70ed00000)]
  0x00000204ab618000 JavaThread "jar transforms Thread 3" [_thread_blocked, id=2092, stack(0x000000b70ed00000,0x000000b70ee00000)]
  0x00000204ab623800 JavaThread "jar transforms Thread 4" [_thread_blocked, id=14668, stack(0x000000b70ee00000,0x000000b70ef00000)]
  0x00000204ab622000 JavaThread "jar transforms Thread 5" [_thread_blocked, id=20068, stack(0x000000b70ef00000,0x000000b70f000000)]
  0x00000204ab624800 JavaThread "jar transforms Thread 6" [_thread_blocked, id=12500, stack(0x000000b70f000000,0x000000b70f100000)]
  0x00000204ab61e800 JavaThread "jar transforms Thread 7" [_thread_blocked, id=8592, stack(0x000000b70f100000,0x000000b70f200000)]
  0x00000204ab620000 JavaThread "jar transforms Thread 8" [_thread_blocked, id=15248, stack(0x000000b70f200000,0x000000b70f300000)]
  0x00000204ab621000 JavaThread "jar transforms Thread 9" [_thread_blocked, id=18496, stack(0x000000b70f300000,0x000000b70f400000)]
  0x00000204ab61f800 JavaThread "jar transforms Thread 10" [_thread_blocked, id=13528, stack(0x000000b70f400000,0x000000b70f500000)]
  0x00000204ab622800 JavaThread "jar transforms Thread 11" [_thread_blocked, id=12780, stack(0x000000b70f500000,0x000000b70f600000)]
  0x00000204ab625000 JavaThread "jar transforms Thread 12" [_thread_blocked, id=3652, stack(0x000000b70f600000,0x000000b70f700000)]
  0x00000204ab626000 JavaThread "jar transforms Thread 13" [_thread_blocked, id=16256, stack(0x000000b70f700000,0x000000b70f800000)]
  0x00000204ab874000 JavaThread "jar transforms Thread 14" [_thread_blocked, id=16920, stack(0x000000b70f800000,0x000000b70f900000)]
  0x00000204ab872800 JavaThread "jar transforms Thread 15" [_thread_blocked, id=1168, stack(0x000000b70f900000,0x000000b70fa00000)]
  0x00000204ab875000 JavaThread "jar transforms Thread 16" [_thread_blocked, id=9308, stack(0x000000b70fa00000,0x000000b70fb00000)]
  0x00000204ab873800 JavaThread "jar transforms Thread 17" [_thread_blocked, id=12056, stack(0x000000b70fb00000,0x000000b70fc00000)]
  0x00000204ab876000 JavaThread "jar transforms Thread 18" [_thread_blocked, id=2216, stack(0x000000b70fc00000,0x000000b70fd00000)]
  0x00000204ab876800 JavaThread "jar transforms Thread 19" [_thread_blocked, id=4636, stack(0x000000b70fd00000,0x000000b70fe00000)]
  0x00000204ab871800 JavaThread "jar transforms Thread 20" [_thread_blocked, id=8320, stack(0x000000b70fe00000,0x000000b70ff00000)]
  0x00000204ab871000 JavaThread "jar transforms Thread 21" [_thread_blocked, id=12816, stack(0x000000b70ff00000,0x000000b710000000)]
  0x00000204ab877800 JavaThread "jar transforms Thread 22" [_thread_blocked, id=9596, stack(0x000000b710000000,0x000000b710100000)]
  0x00000204ab87c800 JavaThread "jar transforms Thread 23" [_thread_blocked, id=16900, stack(0x000000b710100000,0x000000b710200000)]
  0x00000204ab87a000 JavaThread "jar transforms Thread 24" [_thread_blocked, id=16740, stack(0x000000b710200000,0x000000b710300000)]
  0x00000204ab87e000 JavaThread "jar transforms Thread 25" [_thread_blocked, id=15200, stack(0x000000b710300000,0x000000b710400000)]
  0x00000204ab878000 JavaThread "jar transforms Thread 26" [_thread_blocked, id=10200, stack(0x000000b710400000,0x000000b710500000)]
  0x00000204ab87f000 JavaThread "jar transforms Thread 27" [_thread_blocked, id=14032, stack(0x000000b710500000,0x000000b710600000)]
  0x00000204ab87d000 JavaThread "jar transforms Thread 28" [_thread_blocked, id=6752, stack(0x000000b710600000,0x000000b710700000)]
  0x00000204ab87a800 JavaThread "jar transforms Thread 29" [_thread_blocked, id=1656, stack(0x000000b710700000,0x000000b710800000)]
  0x00000204ab87b800 JavaThread "jar transforms Thread 30" [_thread_blocked, id=8944, stack(0x000000b710800000,0x000000b710900000)]
  0x00000204ab879000 JavaThread "jar transforms Thread 31" [_thread_blocked, id=10160, stack(0x000000b710900000,0x000000b710a00000)]
  0x00000204ab87f800 JavaThread "jar transforms Thread 32" [_thread_blocked, id=10056, stack(0x000000b710a00000,0x000000b710b00000)]
  0x00000204ac1bc000 JavaThread "jar transforms Thread 33" [_thread_blocked, id=10464, stack(0x000000b710b00000,0x000000b710c00000)]
  0x00000204ac1b8000 JavaThread "jar transforms Thread 34" [_thread_blocked, id=20192, stack(0x000000b710c00000,0x000000b710d00000)]
  0x00000204ac1bb000 JavaThread "jar transforms Thread 35" [_thread_blocked, id=16912, stack(0x000000b710d00000,0x000000b710e00000)]
  0x00000204ac1ba800 JavaThread "jar transforms Thread 36" [_thread_blocked, id=15300, stack(0x000000b710e00000,0x000000b710f00000)]
  0x00000204ac1bd000 JavaThread "jar transforms Thread 37" [_thread_blocked, id=18636, stack(0x000000b710f00000,0x000000b711000000)]
  0x00000204ac1b8800 JavaThread "jar transforms Thread 38" [_thread_blocked, id=16648, stack(0x000000b711000000,0x000000b711100000)]
  0x00000204ac1b7000 JavaThread "jar transforms Thread 39" [_thread_blocked, id=18928, stack(0x000000b711100000,0x000000b711200000)]
  0x00000204ac1bd800 JavaThread "jar transforms Thread 40" [_thread_blocked, id=17796, stack(0x000000b711200000,0x000000b711300000)]
  0x00000204ac1be800 JavaThread "jar transforms Thread 41" [_thread_blocked, id=18248, stack(0x000000b711300000,0x000000b711400000)]
  0x00000204ac1bf800 JavaThread "jar transforms Thread 42" [_thread_blocked, id=12296, stack(0x000000b711400000,0x000000b711500000)]
  0x00000204ac1b9800 JavaThread "jar transforms Thread 43" [_thread_blocked, id=2012, stack(0x000000b711500000,0x000000b711600000)]
  0x00000204ac1c6000 JavaThread "jar transforms Thread 44" [_thread_blocked, id=15824, stack(0x000000b711600000,0x000000b711700000)]
  0x00000204ac1c1800 JavaThread "jar transforms Thread 45" [_thread_blocked, id=20428, stack(0x000000b711700000,0x000000b711800000)]
  0x00000204ac1c3800 JavaThread "jar transforms Thread 46" [_thread_blocked, id=7648, stack(0x000000b711800000,0x000000b711900000)]
  0x00000204ac1c4000 JavaThread "jar transforms Thread 47" [_thread_blocked, id=10332, stack(0x000000b711900000,0x000000b711a00000)]
  0x00000204ac1c1000 JavaThread "jar transforms Thread 48" [_thread_blocked, id=11676, stack(0x000000b711a00000,0x000000b711b00000)]
  0x00000204ac1c5000 JavaThread "jar transforms Thread 49" [_thread_blocked, id=16684, stack(0x000000b711b00000,0x000000b711c00000)]
  0x00000204ac1c2800 JavaThread "jar transforms Thread 50" [_thread_blocked, id=12920, stack(0x000000b711c00000,0x000000b711d00000)]
  0x00000204ac1c0000 JavaThread "jar transforms Thread 51" [_thread_blocked, id=11448, stack(0x000000b711d00000,0x000000b711e00000)]
  0x00000204abc1b000 JavaThread "jar transforms Thread 52" [_thread_blocked, id=2140, stack(0x000000b711e00000,0x000000b711f00000)]
  0x00000204abc17000 JavaThread "jar transforms Thread 53" [_thread_blocked, id=12528, stack(0x000000b711f00000,0x000000b712000000)]
  0x00000204abc1c000 JavaThread "jar transforms Thread 54" [_thread_blocked, id=1900, stack(0x000000b712000000,0x000000b712100000)]
  0x00000204abc16800 JavaThread "jar transforms Thread 55" [_thread_blocked, id=11672, stack(0x000000b712100000,0x000000b712200000)]
  0x00000204abc18000 JavaThread "jar transforms Thread 56" [_thread_blocked, id=16856, stack(0x000000b712200000,0x000000b712300000)]
  0x00000204abc1e800 JavaThread "jar transforms Thread 57" [_thread_blocked, id=9964, stack(0x000000b712300000,0x000000b712400000)]
  0x00000204abc1a800 JavaThread "jar transforms Thread 58" [_thread_blocked, id=9372, stack(0x000000b712400000,0x000000b712500000)]
  0x00000204abc18800 JavaThread "jar transforms Thread 59" [_thread_blocked, id=4204, stack(0x000000b712500000,0x000000b712600000)]
  0x00000204abc1d000 JavaThread "jar transforms Thread 60" [_thread_blocked, id=6152, stack(0x000000b712600000,0x000000b712700000)]
  0x00000204abc1f800 JavaThread "jar transforms Thread 61" [_thread_blocked, id=15196, stack(0x000000b712700000,0x000000b712800000)]
  0x00000204abc19800 JavaThread "jar transforms Thread 62" [_thread_blocked, id=14900, stack(0x000000b712800000,0x000000b712900000)]
  0x00000204abc23800 JavaThread "jar transforms Thread 63" [_thread_blocked, id=19024, stack(0x000000b712900000,0x000000b712a00000)]
  0x00000204abc22800 JavaThread "jar transforms Thread 64" [_thread_blocked, id=13812, stack(0x000000b712a00000,0x000000b712b00000)]
  0x00000204abc1d800 JavaThread "jar transforms Thread 65" [_thread_blocked, id=18092, stack(0x000000b712b00000,0x000000b712c00000)]
  0x00000204abc24000 JavaThread "jar transforms Thread 66" [_thread_blocked, id=15156, stack(0x000000b712c00000,0x000000b712d00000)]
  0x00000204abc21000 JavaThread "jar transforms Thread 67" [_thread_blocked, id=20212, stack(0x000000b712d00000,0x000000b712e00000)]
  0x00000204abc25000 JavaThread "jar transforms Thread 68" [_thread_blocked, id=6756, stack(0x000000b712e00000,0x000000b712f00000)]
  0x00000204abc20000 JavaThread "jar transforms Thread 69" [_thread_blocked, id=3408, stack(0x000000b712f00000,0x000000b713000000)]
  0x00000204abc21800 JavaThread "jar transforms Thread 70" [_thread_blocked, id=11392, stack(0x000000b713000000,0x000000b713100000)]
  0x00000204aa648800 JavaThread "jar transforms Thread 71" [_thread_blocked, id=7856, stack(0x000000b713100000,0x000000b713200000)]
  0x00000204aa649800 JavaThread "jar transforms Thread 72" [_thread_blocked, id=5136, stack(0x000000b713200000,0x000000b713300000)]
  0x00000204aa64a800 JavaThread "jar transforms Thread 73" [_thread_blocked, id=19148, stack(0x000000b713300000,0x000000b713400000)]
  0x00000204aa64d800 JavaThread "jar transforms Thread 74" [_thread_blocked, id=3560, stack(0x000000b713400000,0x000000b713500000)]
  0x00000204aa64b000 JavaThread "jar transforms Thread 75" [_thread_blocked, id=7960, stack(0x000000b713500000,0x000000b713600000)]
  0x00000204aa64c000 JavaThread "jar transforms Thread 76" [_thread_blocked, id=1436, stack(0x000000b713600000,0x000000b713700000)]
  0x00000204aa64c800 JavaThread "jar transforms Thread 77" [_thread_blocked, id=1776, stack(0x000000b713700000,0x000000b713800000)]
  0x00000204aa648000 JavaThread "jar transforms Thread 78" [_thread_blocked, id=16680, stack(0x000000b713800000,0x000000b713900000)]
  0x00000204aa64e800 JavaThread "jar transforms Thread 79" [_thread_blocked, id=11844, stack(0x000000b713900000,0x000000b713a00000)]
  0x00000204aea00000 JavaThread "jar transforms Thread 80" [_thread_blocked, id=416, stack(0x000000b713a00000,0x000000b713b00000)]
  0x00000204aea05000 JavaThread "jar transforms Thread 81" [_thread_blocked, id=15268, stack(0x000000b713b00000,0x000000b713c00000)]
  0x00000204aea02800 JavaThread "jar transforms Thread 82" [_thread_blocked, id=9936, stack(0x000000b713c00000,0x000000b713d00000)]
  0x00000204ae9ff800 JavaThread "jar transforms Thread 83" [_thread_blocked, id=18664, stack(0x000000b713d00000,0x000000b713e00000)]
  0x00000204aea01000 JavaThread "jar transforms Thread 84" [_thread_blocked, id=17164, stack(0x000000b713e00000,0x000000b713f00000)]
  0x00000204aea06000 JavaThread "jar transforms Thread 85" [_thread_blocked, id=17512, stack(0x000000b713f00000,0x000000b714000000)]
  0x00000204aea03800 JavaThread "jar transforms Thread 86" [_thread_blocked, id=1048, stack(0x000000b714000000,0x000000b714100000)]
  0x00000204aea04000 JavaThread "jar transforms Thread 87" [_thread_blocked, id=8564, stack(0x000000b714100000,0x000000b714200000)]
  0x00000204aea06800 JavaThread "jar transforms Thread 88" [_thread_blocked, id=11908, stack(0x000000b714200000,0x000000b714300000)]
  0x00000204aea07800 JavaThread "jar transforms Thread 89" [_thread_blocked, id=16068, stack(0x000000b714300000,0x000000b714400000)]
  0x00000204aea01800 JavaThread "jar transforms Thread 90" [_thread_blocked, id=10084, stack(0x000000b714400000,0x000000b714500000)]
  0x00000204aea0b800 JavaThread "jar transforms Thread 91" [_thread_blocked, id=12992, stack(0x000000b714500000,0x000000b714600000)]
  0x00000204aea08800 JavaThread "jar transforms Thread 92" [_thread_blocked, id=6256, stack(0x000000b714600000,0x000000b714700000)]
  0x00000204aea09000 JavaThread "jar transforms Thread 93" [_thread_blocked, id=11820, stack(0x000000b714700000,0x000000b714800000)]
  0x00000204aea0e000 JavaThread "jar transforms Thread 94" [_thread_blocked, id=5484, stack(0x000000b714800000,0x000000b714900000)]
  0x00000204aea0a800 JavaThread "jar transforms Thread 95" [_thread_blocked, id=5592, stack(0x000000b714900000,0x000000b714a00000)]
  0x00000204aea0c800 JavaThread "jar transforms Thread 96" [_thread_blocked, id=15340, stack(0x000000b714a00000,0x000000b714b00000)]
  0x00000204aea0d000 JavaThread "jar transforms Thread 97" [_thread_blocked, id=16964, stack(0x000000b714b00000,0x000000b714c00000)]
  0x00000204aea0a000 JavaThread "jar transforms Thread 98" [_thread_blocked, id=4448, stack(0x000000b714c00000,0x000000b714d00000)]
  0x00000204abd61000 JavaThread "jar transforms Thread 99" [_thread_blocked, id=15008, stack(0x000000b714d00000,0x000000b714e00000)]
  0x00000204abd65000 JavaThread "jar transforms Thread 100" [_thread_blocked, id=11624, stack(0x000000b714e00000,0x000000b714f00000)]
  0x00000204abd5f800 JavaThread "jar transforms Thread 101" [_thread_blocked, id=12752, stack(0x000000b714f00000,0x000000b715000000)]
  0x00000204abd61800 JavaThread "jar transforms Thread 102" [_thread_blocked, id=18800, stack(0x000000b715000000,0x000000b715100000)]
  0x00000204abd66000 JavaThread "jar transforms Thread 103" [_thread_blocked, id=3936, stack(0x000000b715100000,0x000000b715200000)]
  0x00000204abd62800 JavaThread "jar transforms Thread 104" [_thread_blocked, id=18976, stack(0x000000b715200000,0x000000b715300000)]
  0x00000204abd60000 JavaThread "jar transforms Thread 105" [_thread_blocked, id=12124, stack(0x000000b715300000,0x000000b715400000)]
  0x00000204abd64000 JavaThread "jar transforms Thread 106" [_thread_blocked, id=16524, stack(0x000000b715400000,0x000000b715500000)]
  0x00000204abd66800 JavaThread "jar transforms Thread 107" [_thread_blocked, id=17868, stack(0x000000b715500000,0x000000b715600000)]
  0x00000204abd67800 JavaThread "jar transforms Thread 108" [_thread_blocked, id=9712, stack(0x000000b715600000,0x000000b715700000)]
  0x00000204abd68800 JavaThread "jar transforms Thread 109" [_thread_blocked, id=18004, stack(0x000000b715700000,0x000000b715800000)]
  0x00000204abd63800 JavaThread "jar transforms Thread 110" [_thread_blocked, id=15920, stack(0x000000b715800000,0x000000b715900000)]
  0x00000204abd6d000 JavaThread "jar transforms Thread 111" [_thread_blocked, id=19616, stack(0x000000b715900000,0x000000b715a00000)]
  0x00000204abd6e000 JavaThread "jar transforms Thread 112" [_thread_blocked, id=11140, stack(0x000000b715a00000,0x000000b715b00000)]
  0x00000204abd6b800 JavaThread "jar transforms Thread 113" [_thread_blocked, id=13932, stack(0x000000b715b00000,0x000000b715c00000)]
  0x00000204abd69000 JavaThread "jar transforms Thread 114" [_thread_blocked, id=18024, stack(0x000000b715c00000,0x000000b715d00000)]
  0x00000204abd6c800 JavaThread "jar transforms Thread 115" [_thread_blocked, id=16828, stack(0x000000b715d00000,0x000000b715e00000)]
  0x00000204abd6a000 JavaThread "Memory manager" [_thread_blocked, id=11500, stack(0x000000b715e00000,0x000000b715f00000)]

Other Threads:
  0x00000204a89b6000 VMThread "VM Thread" [stack: 0x000000b70c300000,0x000000b70c400000] [id=19360]
  0x00000204a94d3000 WatcherThread [stack: 0x000000b70cd00000,0x000000b70ce00000] [id=3660]
  0x00000204900f7000 GCTaskThread "GC Thread#0" [stack: 0x000000b70be00000,0x000000b70bf00000] [id=17160]
  0x00000204a969a000 GCTaskThread "GC Thread#1" [stack: 0x000000b70ce00000,0x000000b70cf00000] [id=15992]
  0x00000204a9713000 GCTaskThread "GC Thread#2" [stack: 0x000000b70cf00000,0x000000b70d000000] [id=17004]
  0x00000204ab0e5800 GCTaskThread "GC Thread#3" [stack: 0x000000b70dc00000,0x000000b70dd00000] [id=16968]
  0x000002049011e800 ConcurrentGCThread "G1 Main Marker" [stack: 0x000000b70bf00000,0x000000b70c000000] [id=8544]
  0x0000020490120000 ConcurrentGCThread "G1 Conc#0" [stack: 0x000000b70c000000,0x000000b70c100000] [id=8036]
  0x00000204901ae000 ConcurrentGCThread "G1 Refine#0" [stack: 0x000000b70c100000,0x000000b70c200000] [id=15784]
  0x00000204a8820800 ConcurrentGCThread "G1 Young RemSet Sampling" [stack: 0x000000b70c200000,0x000000b70c300000] [id=5324]

Threads with active compile tasks:
C2 CompilerThread0  45341 7234       4       java.lang.reflect.AccessibleObject::checkCanSetAccessible (386 bytes)

VM state:not at safepoint (normal execution)

VM Mutex/Monitor currently owned by a thread: None

Heap address: 0x00000000a0000000, size: 1536 MB, Compressed Oops mode: 32-bit
Narrow klass base: 0x0000000000000000, Narrow klass shift: 3
Compressed class space size: 1073741824 Address: 0x0000000100000000

Heap:
 garbage-first heap   total 131072K, used 70909K [0x00000000a0000000, 0x0000000100000000)
  region size 1024K, 9 young (9216K), 7 survivors (7168K)
 Metaspace       used 71199K, capacity 73302K, committed 73520K, reserved 1114112K
  class space    used 9110K, capacity 9844K, committed 9856K, reserved 1048576K
Heap Regions: E=young(eden), S=young(survivor), O=old, HS=humongous(starts), HC=humongous(continues), CS=collection set, F=free, A=archive, TAMS=top-at-mark-start (previous, next)
|   0|0x00000000a0000000, 0x00000000a0100000, 0x00000000a0100000|100%| O|  |TAMS 0x00000000a0100000, 0x00000000a0000000| Untracked 
|   1|0x00000000a0100000, 0x00000000a0200000, 0x00000000a0200000|100%| O|  |TAMS 0x00000000a0200000, 0x00000000a0100000| Untracked 
|   2|0x00000000a0200000, 0x00000000a0300000, 0x00000000a0300000|100%| O|  |TAMS 0x00000000a0300000, 0x00000000a0200000| Untracked 
|   3|0x00000000a0300000, 0x00000000a0400000, 0x00000000a0400000|100%|HS|  |TAMS 0x00000000a0400000, 0x00000000a0300000| Complete 
|   4|0x00000000a0400000, 0x00000000a0500000, 0x00000000a0500000|100%|HC|  |TAMS 0x00000000a0500000, 0x00000000a0400000| Complete 
|   5|0x00000000a0500000, 0x00000000a0600000, 0x00000000a0600000|100%|HC|  |TAMS 0x00000000a0600000, 0x00000000a0500000| Complete 
|   6|0x00000000a0600000, 0x00000000a0700000, 0x00000000a0700000|100%| O|  |TAMS 0x00000000a0700000, 0x00000000a0600000| Untracked 
|   7|0x00000000a0700000, 0x00000000a0800000, 0x00000000a0800000|100%| O|  |TAMS 0x00000000a0800000, 0x00000000a0700000| Untracked 
|   8|0x00000000a0800000, 0x00000000a0900000, 0x00000000a0900000|100%| O|  |TAMS 0x00000000a0900000, 0x00000000a0800000| Untracked 
|   9|0x00000000a0900000, 0x00000000a0a00000, 0x00000000a0a00000|100%| O|  |TAMS 0x00000000a0a00000, 0x00000000a0900000| Untracked 
|  10|0x00000000a0a00000, 0x00000000a0b00000, 0x00000000a0b00000|100%| O|  |TAMS 0x00000000a0b00000, 0x00000000a0a00000| Untracked 
|  11|0x00000000a0b00000, 0x00000000a0c00000, 0x00000000a0c00000|100%| O|  |TAMS 0x00000000a0c00000, 0x00000000a0b00000| Untracked 
|  12|0x00000000a0c00000, 0x00000000a0d00000, 0x00000000a0d00000|100%| O|  |TAMS 0x00000000a0d00000, 0x00000000a0c00000| Untracked 
|  13|0x00000000a0d00000, 0x00000000a0e00000, 0x00000000a0e00000|100%| O|  |TAMS 0x00000000a0e00000, 0x00000000a0d00000| Untracked 
|  14|0x00000000a0e00000, 0x00000000a0f00000, 0x00000000a0f00000|100%| O|  |TAMS 0x00000000a0f00000, 0x00000000a0e00000| Untracked 
|  15|0x00000000a0f00000, 0x00000000a1000000, 0x00000000a1000000|100%| O|  |TAMS 0x00000000a1000000, 0x00000000a0f00000| Untracked 
|  16|0x00000000a1000000, 0x00000000a1100000, 0x00000000a1100000|100%| O|  |TAMS 0x00000000a1100000, 0x00000000a1000000| Untracked 
|  17|0x00000000a1100000, 0x00000000a1200000, 0x00000000a1200000|100%| O|  |TAMS 0x00000000a1200000, 0x00000000a1100000| Untracked 
|  18|0x00000000a1200000, 0x00000000a1300000, 0x00000000a1300000|100%| O|  |TAMS 0x00000000a1300000, 0x00000000a1200000| Untracked 
|  19|0x00000000a1300000, 0x00000000a1400000, 0x00000000a1400000|100%| O|  |TAMS 0x00000000a1400000, 0x00000000a1300000| Untracked 
|  20|0x00000000a1400000, 0x00000000a1500000, 0x00000000a1500000|100%| O|  |TAMS 0x00000000a1500000, 0x00000000a1400000| Untracked 
|  21|0x00000000a1500000, 0x00000000a1600000, 0x00000000a1600000|100%|HS|  |TAMS 0x00000000a1600000, 0x00000000a1500000| Complete 
|  22|0x00000000a1600000, 0x00000000a1700000, 0x00000000a1700000|100%|HS|  |TAMS 0x00000000a1700000, 0x00000000a1600000| Complete 
|  23|0x00000000a1700000, 0x00000000a1800000, 0x00000000a1800000|100%|HS|  |TAMS 0x00000000a1800000, 0x00000000a1700000| Complete 
|  24|0x00000000a1800000, 0x00000000a1900000, 0x00000000a1900000|100%|HC|  |TAMS 0x00000000a1900000, 0x00000000a1800000| Complete 
|  25|0x00000000a1900000, 0x00000000a1a00000, 0x00000000a1a00000|100%|HC|  |TAMS 0x00000000a1a00000, 0x00000000a1900000| Complete 
|  26|0x00000000a1a00000, 0x00000000a1b00000, 0x00000000a1b00000|100%|HS|  |TAMS 0x00000000a1b00000, 0x00000000a1a00000| Complete 
|  27|0x00000000a1b00000, 0x00000000a1c00000, 0x00000000a1c00000|100%|HC|  |TAMS 0x00000000a1c00000, 0x00000000a1b00000| Complete 
|  28|0x00000000a1c00000, 0x00000000a1d00000, 0x00000000a1d00000|100%| O|  |TAMS 0x00000000a1d00000, 0x00000000a1c00000| Untracked 
|  29|0x00000000a1d00000, 0x00000000a1e00000, 0x00000000a1e00000|100%| O|  |TAMS 0x00000000a1e00000, 0x00000000a1d00000| Untracked 
|  30|0x00000000a1e00000, 0x00000000a1f00000, 0x00000000a1f00000|100%| O|  |TAMS 0x00000000a1f00000, 0x00000000a1e00000| Untracked 
|  31|0x00000000a1f00000, 0x00000000a2000000, 0x00000000a2000000|100%| O|  |TAMS 0x00000000a2000000, 0x00000000a1f00000| Untracked 
|  32|0x00000000a2000000, 0x00000000a2100000, 0x00000000a2100000|100%| O|  |TAMS 0x00000000a2100000, 0x00000000a2000000| Untracked 
|  33|0x00000000a2100000, 0x00000000a2200000, 0x00000000a2200000|100%| O|  |TAMS 0x00000000a2200000, 0x00000000a2100000| Untracked 
|  34|0x00000000a2200000, 0x00000000a2300000, 0x00000000a2300000|100%| O|  |TAMS 0x00000000a2300000, 0x00000000a2200000| Untracked 
|  35|0x00000000a2300000, 0x00000000a2400000, 0x00000000a2400000|100%| O|  |TAMS 0x00000000a2400000, 0x00000000a2300000| Untracked 
|  36|0x00000000a2400000, 0x00000000a2500000, 0x00000000a2500000|100%| O|  |TAMS 0x00000000a2500000, 0x00000000a2400000| Untracked 
|  37|0x00000000a2500000, 0x00000000a2600000, 0x00000000a2600000|100%| O|  |TAMS 0x00000000a2600000, 0x00000000a2500000| Untracked 
|  38|0x00000000a2600000, 0x00000000a2700000, 0x00000000a2700000|100%| O|  |TAMS 0x00000000a2700000, 0x00000000a2600000| Untracked 
|  39|0x00000000a2700000, 0x00000000a2800000, 0x00000000a2800000|100%| O|  |TAMS 0x00000000a2800000, 0x00000000a2700000| Untracked 
|  40|0x00000000a2800000, 0x00000000a2900000, 0x00000000a2900000|100%| O|  |TAMS 0x00000000a2900000, 0x00000000a2800000| Untracked 
|  41|0x00000000a2900000, 0x00000000a2a00000, 0x00000000a2a00000|100%| O|  |TAMS 0x00000000a2a00000, 0x00000000a2900000| Untracked 
|  42|0x00000000a2a00000, 0x00000000a2b00000, 0x00000000a2b00000|100%| O|  |TAMS 0x00000000a2b00000, 0x00000000a2a00000| Untracked 
|  43|0x00000000a2b00000, 0x00000000a2c00000, 0x00000000a2c00000|100%| O|  |TAMS 0x00000000a2c00000, 0x00000000a2b00000| Untracked 
|  44|0x00000000a2c00000, 0x00000000a2d00000, 0x00000000a2d00000|100%| O|  |TAMS 0x00000000a2d00000, 0x00000000a2c00000| Untracked 
|  45|0x00000000a2d00000, 0x00000000a2e00000, 0x00000000a2e00000|100%| O|  |TAMS 0x00000000a2e00000, 0x00000000a2d00000| Untracked 
|  46|0x00000000a2e00000, 0x00000000a2f00000, 0x00000000a2f00000|100%| O|  |TAMS 0x00000000a2f00000, 0x00000000a2e00000| Untracked 
|  47|0x00000000a2f00000, 0x00000000a3000000, 0x00000000a3000000|100%| O|  |TAMS 0x00000000a3000000, 0x00000000a2f00000| Untracked 
|  48|0x00000000a3000000, 0x00000000a3100000, 0x00000000a3100000|100%| O|  |TAMS 0x00000000a3100000, 0x00000000a3000000| Untracked 
|  49|0x00000000a3100000, 0x00000000a3200000, 0x00000000a3200000|100%| O|  |TAMS 0x00000000a3200000, 0x00000000a3100000| Untracked 
|  50|0x00000000a3200000, 0x00000000a3300000, 0x00000000a3300000|100%| O|  |TAMS 0x00000000a3300000, 0x00000000a3200000| Untracked 
|  51|0x00000000a3300000, 0x00000000a3400000, 0x00000000a3400000|100%| O|  |TAMS 0x00000000a3400000, 0x00000000a3300000| Untracked 
|  52|0x00000000a3400000, 0x00000000a3500000, 0x00000000a3500000|100%| O|  |TAMS 0x00000000a3500000, 0x00000000a3400000| Untracked 
|  53|0x00000000a3500000, 0x00000000a3600000, 0x00000000a3600000|100%| O|  |TAMS 0x00000000a3600000, 0x00000000a3500000| Untracked 
|  54|0x00000000a3600000, 0x00000000a3700000, 0x00000000a3700000|100%| O|  |TAMS 0x00000000a3682a00, 0x00000000a3600000| Untracked 
|  55|0x00000000a3700000, 0x00000000a3800000, 0x00000000a3800000|100%| O|  |TAMS 0x00000000a3700000, 0x00000000a3700000| Untracked 
|  56|0x00000000a3800000, 0x00000000a3900000, 0x00000000a3900000|100%| O|  |TAMS 0x00000000a3800000, 0x00000000a3800000| Untracked 
|  57|0x00000000a3900000, 0x00000000a3a00000, 0x00000000a3a00000|100%| O|  |TAMS 0x00000000a3900000, 0x00000000a3900000| Untracked 
|  58|0x00000000a3a00000, 0x00000000a3b00000, 0x00000000a3b00000|100%| O|  |TAMS 0x00000000a3a00000, 0x00000000a3a00000| Untracked 
|  59|0x00000000a3b00000, 0x00000000a3c00000, 0x00000000a3c00000|100%| O|  |TAMS 0x00000000a3b00000, 0x00000000a3b00000| Untracked 
|  60|0x00000000a3c00000, 0x00000000a3d00000, 0x00000000a3d00000|100%| O|  |TAMS 0x00000000a3c00000, 0x00000000a3c00000| Untracked 
|  61|0x00000000a3d00000, 0x00000000a3d3f600, 0x00000000a3e00000| 24%| O|  |TAMS 0x00000000a3d00000, 0x00000000a3d00000| Untracked 
|  62|0x00000000a3e00000, 0x00000000a3e00000, 0x00000000a3f00000|  0%| F|  |TAMS 0x00000000a3e00000, 0x00000000a3e00000| Untracked 
|  63|0x00000000a3f00000, 0x00000000a3f00000, 0x00000000a4000000|  0%| F|  |TAMS 0x00000000a3f00000, 0x00000000a3f00000| Untracked 
|  64|0x00000000a4000000, 0x00000000a4000000, 0x00000000a4100000|  0%| F|  |TAMS 0x00000000a4000000, 0x00000000a4000000| Untracked 
|  65|0x00000000a4100000, 0x00000000a4100000, 0x00000000a4200000|  0%| F|  |TAMS 0x00000000a4100000, 0x00000000a4100000| Untracked 
|  66|0x00000000a4200000, 0x00000000a4200000, 0x00000000a4300000|  0%| F|  |TAMS 0x00000000a4200000, 0x00000000a4200000| Untracked 
|  67|0x00000000a4300000, 0x00000000a4300000, 0x00000000a4400000|  0%| F|  |TAMS 0x00000000a4300000, 0x00000000a4300000| Untracked 
|  68|0x00000000a4400000, 0x00000000a4400000, 0x00000000a4500000|  0%| F|  |TAMS 0x00000000a4400000, 0x00000000a4400000| Untracked 
|  69|0x00000000a4500000, 0x00000000a4500000, 0x00000000a4600000|  0%| F|  |TAMS 0x00000000a4500000, 0x00000000a4500000| Untracked 
|  70|0x00000000a4600000, 0x00000000a4600000, 0x00000000a4700000|  0%| F|  |TAMS 0x00000000a4600000, 0x00000000a4600000| Untracked 
|  71|0x00000000a4700000, 0x00000000a4800000, 0x00000000a4800000|100%| S|CS|TAMS 0x00000000a4700000, 0x00000000a4700000| Complete 
|  72|0x00000000a4800000, 0x00000000a4800000, 0x00000000a4900000|  0%| F|  |TAMS 0x00000000a4800000, 0x00000000a4800000| Untracked 
|  73|0x00000000a4900000, 0x00000000a4900000, 0x00000000a4a00000|  0%| F|  |TAMS 0x00000000a4900000, 0x00000000a4900000| Untracked 
|  74|0x00000000a4a00000, 0x00000000a4a00000, 0x00000000a4b00000|  0%| F|  |TAMS 0x00000000a4a00000, 0x00000000a4a00000| Untracked 
|  75|0x00000000a4b00000, 0x00000000a4b00000, 0x00000000a4c00000|  0%| F|  |TAMS 0x00000000a4b00000, 0x00000000a4b00000| Untracked 
|  76|0x00000000a4c00000, 0x00000000a4c00000, 0x00000000a4d00000|  0%| F|  |TAMS 0x00000000a4c00000, 0x00000000a4c00000| Untracked 
|  77|0x00000000a4d00000, 0x00000000a4d00000, 0x00000000a4e00000|  0%| F|  |TAMS 0x00000000a4d00000, 0x00000000a4d00000| Untracked 
|  78|0x00000000a4e00000, 0x00000000a4e00000, 0x00000000a4f00000|  0%| F|  |TAMS 0x00000000a4e00000, 0x00000000a4e00000| Untracked 
|  79|0x00000000a4f00000, 0x00000000a5000000, 0x00000000a5000000|100%| S|CS|TAMS 0x00000000a4f00000, 0x00000000a4f00000| Complete 
|  80|0x00000000a5000000, 0x00000000a5100000, 0x00000000a5100000|100%| S|CS|TAMS 0x00000000a5000000, 0x00000000a5000000| Complete 
|  81|0x00000000a5100000, 0x00000000a5200000, 0x00000000a5200000|100%| S|CS|TAMS 0x00000000a5100000, 0x00000000a5100000| Complete 
|  82|0x00000000a5200000, 0x00000000a5300000, 0x00000000a5300000|100%| S|CS|TAMS 0x00000000a5200000, 0x00000000a5200000| Complete 
|  83|0x00000000a5300000, 0x00000000a5400000, 0x00000000a5400000|100%| S|CS|TAMS 0x00000000a5300000, 0x00000000a5300000| Complete 
|  84|0x00000000a5400000, 0x00000000a5500000, 0x00000000a5500000|100%| S|CS|TAMS 0x00000000a5400000, 0x00000000a5400000| Complete 
|  85|0x00000000a5500000, 0x00000000a5500000, 0x00000000a5600000|  0%| F|  |TAMS 0x00000000a5500000, 0x00000000a5500000| Untracked 
|  86|0x00000000a5600000, 0x00000000a5600000, 0x00000000a5700000|  0%| F|  |TAMS 0x00000000a5600000, 0x00000000a5600000| Untracked 
|  87|0x00000000a5700000, 0x00000000a5700000, 0x00000000a5800000|  0%| F|  |TAMS 0x00000000a5700000, 0x00000000a5700000| Untracked 
|  88|0x00000000a5800000, 0x00000000a5800000, 0x00000000a5900000|  0%| F|  |TAMS 0x00000000a5800000, 0x00000000a5800000| Untracked 
|  89|0x00000000a5900000, 0x00000000a5900000, 0x00000000a5a00000|  0%| F|  |TAMS 0x00000000a5900000, 0x00000000a5900000| Untracked 
|  90|0x00000000a5a00000, 0x00000000a5a00000, 0x00000000a5b00000|  0%| F|  |TAMS 0x00000000a5a00000, 0x00000000a5a00000| Untracked 
|  91|0x00000000a5b00000, 0x00000000a5b00000, 0x00000000a5c00000|  0%| F|  |TAMS 0x00000000a5b00000, 0x00000000a5b00000| Untracked 
|  92|0x00000000a5c00000, 0x00000000a5c00000, 0x00000000a5d00000|  0%| F|  |TAMS 0x00000000a5c00000, 0x00000000a5c00000| Untracked 
|  93|0x00000000a5d00000, 0x00000000a5d00000, 0x00000000a5e00000|  0%| F|  |TAMS 0x00000000a5d00000, 0x00000000a5d00000| Untracked 
|  94|0x00000000a5e00000, 0x00000000a5e00000, 0x00000000a5f00000|  0%| F|  |TAMS 0x00000000a5e00000, 0x00000000a5e00000| Untracked 
|  95|0x00000000a5f00000, 0x00000000a5f00000, 0x00000000a6000000|  0%| F|  |TAMS 0x00000000a5f00000, 0x00000000a5f00000| Untracked 
|  96|0x00000000a6000000, 0x00000000a6000000, 0x00000000a6100000|  0%| F|  |TAMS 0x00000000a6000000, 0x00000000a6000000| Untracked 
|  97|0x00000000a6100000, 0x00000000a6100000, 0x00000000a6200000|  0%| F|  |TAMS 0x00000000a6100000, 0x00000000a6100000| Untracked 
|  98|0x00000000a6200000, 0x00000000a6200000, 0x00000000a6300000|  0%| F|  |TAMS 0x00000000a6200000, 0x00000000a6200000| Untracked 
|  99|0x00000000a6300000, 0x00000000a6300000, 0x00000000a6400000|  0%| F|  |TAMS 0x00000000a6300000, 0x00000000a6300000| Untracked 
| 100|0x00000000a6400000, 0x00000000a6400000, 0x00000000a6500000|  0%| F|  |TAMS 0x00000000a6400000, 0x00000000a6400000| Untracked 
| 101|0x00000000a6500000, 0x00000000a6500000, 0x00000000a6600000|  0%| F|  |TAMS 0x00000000a6500000, 0x00000000a6500000| Untracked 
| 102|0x00000000a6600000, 0x00000000a6600000, 0x00000000a6700000|  0%| F|  |TAMS 0x00000000a6600000, 0x00000000a6600000| Untracked 
| 103|0x00000000a6700000, 0x00000000a6700000, 0x00000000a6800000|  0%| F|  |TAMS 0x00000000a6700000, 0x00000000a6700000| Untracked 
| 104|0x00000000a6800000, 0x00000000a6800000, 0x00000000a6900000|  0%| F|  |TAMS 0x00000000a6800000, 0x00000000a6800000| Untracked 
| 105|0x00000000a6900000, 0x00000000a6900000, 0x00000000a6a00000|  0%| F|  |TAMS 0x00000000a6900000, 0x00000000a6900000| Untracked 
| 106|0x00000000a6a00000, 0x00000000a6a00000, 0x00000000a6b00000|  0%| F|  |TAMS 0x00000000a6a00000, 0x00000000a6a00000| Untracked 
| 107|0x00000000a6b00000, 0x00000000a6b00000, 0x00000000a6c00000|  0%| F|  |TAMS 0x00000000a6b00000, 0x00000000a6b00000| Untracked 
| 108|0x00000000a6c00000, 0x00000000a6c00000, 0x00000000a6d00000|  0%| F|  |TAMS 0x00000000a6c00000, 0x00000000a6c00000| Untracked 
| 109|0x00000000a6d00000, 0x00000000a6d00000, 0x00000000a6e00000|  0%| F|  |TAMS 0x00000000a6d00000, 0x00000000a6d00000| Untracked 
| 110|0x00000000a6e00000, 0x00000000a6e00000, 0x00000000a6f00000|  0%| F|  |TAMS 0x00000000a6e00000, 0x00000000a6e00000| Untracked 
| 111|0x00000000a6f00000, 0x00000000a6f00000, 0x00000000a7000000|  0%| F|  |TAMS 0x00000000a6f00000, 0x00000000a6f00000| Untracked 
| 112|0x00000000a7000000, 0x00000000a7000000, 0x00000000a7100000|  0%| F|  |TAMS 0x00000000a7000000, 0x00000000a7000000| Untracked 
| 113|0x00000000a7100000, 0x00000000a7100000, 0x00000000a7200000|  0%| F|  |TAMS 0x00000000a7100000, 0x00000000a7100000| Untracked 
| 114|0x00000000a7200000, 0x00000000a7200000, 0x00000000a7300000|  0%| F|  |TAMS 0x00000000a7200000, 0x00000000a7200000| Untracked 
| 115|0x00000000a7300000, 0x00000000a7300000, 0x00000000a7400000|  0%| F|  |TAMS 0x00000000a7300000, 0x00000000a7300000| Untracked 
| 116|0x00000000a7400000, 0x00000000a7400000, 0x00000000a7500000|  0%| F|  |TAMS 0x00000000a7400000, 0x00000000a7400000| Untracked 
| 117|0x00000000a7500000, 0x00000000a7500000, 0x00000000a7600000|  0%| F|  |TAMS 0x00000000a7500000, 0x00000000a7500000| Untracked 
| 118|0x00000000a7600000, 0x00000000a7600000, 0x00000000a7700000|  0%| F|  |TAMS 0x00000000a7600000, 0x00000000a7600000| Untracked 
| 119|0x00000000a7700000, 0x00000000a7700000, 0x00000000a7800000|  0%| F|  |TAMS 0x00000000a7700000, 0x00000000a7700000| Untracked 
| 120|0x00000000a7800000, 0x00000000a7800000, 0x00000000a7900000|  0%| F|  |TAMS 0x00000000a7800000, 0x00000000a7800000| Untracked 
| 121|0x00000000a7900000, 0x00000000a7900000, 0x00000000a7a00000|  0%| F|  |TAMS 0x00000000a7900000, 0x00000000a7900000| Untracked 
| 122|0x00000000a7a00000, 0x00000000a7a00000, 0x00000000a7b00000|  0%| F|  |TAMS 0x00000000a7a00000, 0x00000000a7a00000| Untracked 
| 123|0x00000000a7b00000, 0x00000000a7b00000, 0x00000000a7c00000|  0%| F|  |TAMS 0x00000000a7b00000, 0x00000000a7b00000| Untracked 
| 124|0x00000000a7c00000, 0x00000000a7c00000, 0x00000000a7d00000|  0%| F|  |TAMS 0x00000000a7c00000, 0x00000000a7c00000| Untracked 
| 125|0x00000000a7d00000, 0x00000000a7d00000, 0x00000000a7e00000|  0%| F|  |TAMS 0x00000000a7d00000, 0x00000000a7d00000| Untracked 
| 126|0x00000000a7e00000, 0x00000000a7f00000, 0x00000000a7f00000|100%| E|  |TAMS 0x00000000a7e00000, 0x00000000a7e00000| Complete 
| 127|0x00000000a7f00000, 0x00000000a8000000, 0x00000000a8000000|100%| E|CS|TAMS 0x00000000a7f00000, 0x00000000a7f00000| Complete 

Card table byte_map: [0x00000204a2ef0000,0x00000204a31f0000] _byte_map_base: 0x00000204a29f0000

Marking Bits (Prev, Next): (CMBitMap*) 0x0000020490117c78, (CMBitMap*) 0x0000020490117cb0
 Prev Bits: [0x00000204a34f0000, 0x00000204a4cf0000)
 Next Bits: [0x00000204a4cf0000, 0x00000204a64f0000)

Polling page: 0x000002048f8b0000

Metaspace:

Usage:
  Non-class:     61.97 MB capacity,    60.64 MB ( 98%) used,     1.17 MB (  2%) free+waste,   170.75 KB ( <1%) overhead. 
      Class:      9.61 MB capacity,     8.90 MB ( 93%) used,   652.46 KB (  7%) free+waste,    80.88 KB ( <1%) overhead. 
       Both:     71.58 MB capacity,    69.53 MB ( 97%) used,     1.81 MB (  3%) free+waste,   251.63 KB ( <1%) overhead. 

Virtual space:
  Non-class space:       64.00 MB reserved,      62.17 MB ( 97%) committed 
      Class space:        1.00 GB reserved,       9.63 MB ( <1%) committed 
             Both:        1.06 GB reserved,      71.80 MB (  7%) committed 

Chunk freelists:
   Non-Class:  14.00 KB
       Class:  12.00 KB
        Both:  26.00 KB

MaxMetaspaceSize: 17179869184.00 GB
CompressedClassSpaceSize: 1.00 GB
Initial GC threshold: 20.80 MB
Current GC threshold: 114.25 MB
CDS: off

CodeHeap 'non-profiled nmethods': size=120064Kb used=3994Kb max_used=3994Kb free=116069Kb
 bounds [0x000002049b6b0000, 0x000002049baa0000, 0x00000204a2bf0000]
CodeHeap 'profiled nmethods': size=120000Kb used=16013Kb max_used=16013Kb free=103986Kb
 bounds [0x0000020494180000, 0x0000020495130000, 0x000002049b6b0000]
CodeHeap 'non-nmethods': size=5696Kb used=2332Kb max_used=2387Kb free=3363Kb
 bounds [0x0000020493bf0000, 0x0000020493e60000, 0x0000020494180000]
 total_blobs=8082 nmethods=7235 adapters=758
 compilation: enabled
              stopped_count=0, restarted_count=0
 full_count=0

Compilation events (20 events):
Event: 45.222 Thread 0x00000204a93aa800 nmethod 7283 0x0000020495112390 code [0x0000020495112580, 0x0000020495112828]
Event: 45.222 Thread 0x00000204a93aa800 7284       2       org.gradle.api.internal.artifacts.DefaultImmutableModuleIdentifierFactory::moduleWithVersion (74 bytes)
Event: 45.224 Thread 0x00000204a93aa800 nmethod 7284 0x0000020495112a10 code [0x0000020495112c20, 0x0000020495112f88]
Event: 45.224 Thread 0x00000204a93aa800 7285       2       org.gradle.internal.Describables::of (21 bytes)
Event: 45.225 Thread 0x00000204a93aa800 nmethod 7285 0x0000020495113190 code [0x0000020495113340, 0x0000020495113578]
Event: 45.225 Thread 0x00000204a93aa800 7286       2       org.gradle.internal.Describables$FixedDescribable::<init> (11 bytes)
Event: 45.225 Thread 0x00000204a93aa800 nmethod 7286 0x0000020495113610 code [0x00000204951137c0, 0x00000204951138f8]
Event: 45.226 Thread 0x00000204a93aa800 7288       2       org.gradle.api.internal.artifacts.ivyservice.resolveengine.result.ComponentSelectionReasons$DefaultComponentSelectionReason::<init> (56 bytes)
Event: 45.227 Thread 0x00000204a93aa800 nmethod 7288 0x0000020495113990 code [0x0000020495113b60, 0x0000020495113f28]
Event: 45.227 Thread 0x00000204a93aa800 7289       2       org.gradle.internal.Describables$FixedDescribable::hashCode (15 bytes)
Event: 45.227 Thread 0x00000204a93aa800 nmethod 7289 0x0000020495114110 code [0x00000204951142e0, 0x0000020495114548]
Event: 45.227 Thread 0x00000204a93aa800 7287       2       org.gradle.api.internal.artifacts.ivyservice.resolveengine.result.ComponentSelectionReasons$DefaultComponentSelectionReason::<init> (6 bytes)
Event: 45.227 Thread 0x00000204a93aa800 nmethod 7287 0x0000020495114690 code [0x0000020495114840, 0x0000020495114948]
Event: 45.227 Thread 0x00000204a93aa800 7290       1       org.gradle.api.artifacts.result.ComponentSelectionCause::getDefaultReason (5 bytes)
Event: 45.227 Thread 0x00000204a93aa800 nmethod 7290 0x000002049ba94290 code [0x000002049ba94440, 0x000002049ba944f8]
Event: 45.228 Thread 0x00000204a93aa800 7291       1       com.google.common.cache.LocalCache$AccessQueue$1::setNextInAccessQueue (6 bytes)
Event: 45.228 Thread 0x00000204a93aa800 nmethod 7291 0x000002049ba94590 code [0x000002049ba94740, 0x000002049ba94838]
Event: 45.228 Thread 0x00000204a93aa800 7292       2       com.esotericsoftware.kryo.io.Input::readAscii (94 bytes)
Event: 45.229 Thread 0x00000204a93aa800 nmethod 7292 0x0000020495114a10 code [0x0000020495114be0, 0x0000020495114ed8]
Event: 45.229 Thread 0x00000204a93aa800 7293       2       org.gradle.api.internal.attributes.UsageCompatibilityHandler::doConcat (201 bytes)

GC Heap History (20 events):
Event: 18.187 GC heap before
{Heap before GC invocations=6 (full 0):
 garbage-first heap   total 131072K, used 70195K [0x00000000a0000000, 0x0000000100000000)
  region size 1024K, 57 young (58368K), 4 survivors (4096K)
 Metaspace       used 26372K, capacity 26951K, committed 27056K, reserved 1073152K
  class space    used 3398K, capacity 3573K, committed 3584K, reserved 1048576K
}
Event: 18.195 GC heap after
{Heap after GC invocations=7 (full 0):
 garbage-first heap   total 131072K, used 17934K [0x00000000a0000000, 0x0000000100000000)
  region size 1024K, 6 young (6144K), 6 survivors (6144K)
 Metaspace       used 26372K, capacity 26951K, committed 27056K, reserved 1073152K
  class space    used 3398K, capacity 3573K, committed 3584K, reserved 1048576K
}
Event: 22.042 GC heap before
{Heap before GC invocations=7 (full 0):
 garbage-first heap   total 131072K, used 68110K [0x00000000a0000000, 0x0000000100000000)
  region size 1024K, 54 young (55296K), 6 survivors (6144K)
 Metaspace       used 35162K, capacity 35860K, committed 35888K, reserved 1081344K
  class space    used 4451K, capacity 4711K, committed 4736K, reserved 1048576K
}
Event: 22.057 GC heap after
{Heap after GC invocations=8 (full 0):
 garbage-first heap   total 131072K, used 23376K [0x00000000a0000000, 0x0000000100000000)
  region size 1024K, 6 young (6144K), 6 survivors (6144K)
 Metaspace       used 35162K, capacity 35860K, committed 35888K, reserved 1081344K
  class space    used 4451K, capacity 4711K, committed 4736K, reserved 1048576K
}
Event: 25.753 GC heap before
{Heap before GC invocations=9 (full 0):
 garbage-first heap   total 131072K, used 88912K [0x00000000a0000000, 0x0000000100000000)
  region size 1024K, 70 young (71680K), 6 survivors (6144K)
 Metaspace       used 40941K, capacity 41846K, committed 42032K, reserved 1085440K
  class space    used 5145K, capacity 5459K, committed 5504K, reserved 1048576K
}
Event: 25.786 GC heap after
{Heap after GC invocations=10 (full 0):
 garbage-first heap   total 131072K, used 26046K [0x00000000a0000000, 0x0000000100000000)
  region size 1024K, 8 young (8192K), 8 survivors (8192K)
 Metaspace       used 40941K, capacity 41846K, committed 42032K, reserved 1085440K
  class space    used 5145K, capacity 5459K, committed 5504K, reserved 1048576K
}
Event: 29.501 GC heap before
{Heap before GC invocations=11 (full 0):
 garbage-first heap   total 131072K, used 91582K [0x00000000a0000000, 0x0000000100000000)
  region size 1024K, 73 young (74752K), 8 survivors (8192K)
 Metaspace       used 44339K, capacity 45286K, committed 45360K, reserved 1089536K
  class space    used 5575K, capacity 5948K, committed 6016K, reserved 1048576K
}
Event: 29.518 GC heap after
{Heap after GC invocations=12 (full 0):
 garbage-first heap   total 131072K, used 28132K [0x00000000a0000000, 0x0000000100000000)
  region size 1024K, 7 young (7168K), 7 survivors (7168K)
 Metaspace       used 44339K, capacity 45286K, committed 45360K, reserved 1089536K
  class space    used 5575K, capacity 5948K, committed 6016K, reserved 1048576K
}
Event: 33.215 GC heap before
{Heap before GC invocations=12 (full 0):
 garbage-first heap   total 131072K, used 101860K [0x00000000a0000000, 0x0000000100000000)
  region size 1024K, 73 young (74752K), 7 survivors (7168K)
 Metaspace       used 52292K, capacity 53598K, committed 53808K, reserved 1095680K
  class space    used 6542K, capacity 6987K, committed 7040K, reserved 1048576K
}
Event: 33.232 GC heap after
{Heap after GC invocations=13 (full 0):
 garbage-first heap   total 131072K, used 43161K [0x00000000a0000000, 0x0000000100000000)
  region size 1024K, 10 young (10240K), 10 survivors (10240K)
 Metaspace       used 52292K, capacity 53598K, committed 53808K, reserved 1095680K
  class space    used 6542K, capacity 6987K, committed 7040K, reserved 1048576K
}
Event: 35.622 GC heap before
{Heap before GC invocations=13 (full 0):
 garbage-first heap   total 131072K, used 102553K [0x00000000a0000000, 0x0000000100000000)
  region size 1024K, 68 young (69632K), 10 survivors (10240K)
 Metaspace       used 59206K, capacity 60625K, committed 60848K, reserved 1101824K
  class space    used 7355K, capacity 7825K, committed 7936K, reserved 1048576K
}
Event: 35.639 GC heap after
{Heap after GC invocations=14 (full 0):
 garbage-first heap   total 131072K, used 47727K [0x00000000a0000000, 0x0000000100000000)
  region size 1024K, 5 young (5120K), 5 survivors (5120K)
 Metaspace       used 59206K, capacity 60625K, committed 60848K, reserved 1101824K
  class space    used 7355K, capacity 7825K, committed 7936K, reserved 1048576K
}
Event: 37.638 GC heap before
{Heap before GC invocations=14 (full 0):
 garbage-first heap   total 131072K, used 105071K [0x00000000a0000000, 0x0000000100000000)
  region size 1024K, 61 young (62464K), 5 survivors (5120K)
 Metaspace       used 62194K, capacity 63627K, committed 63664K, reserved 1105920K
  class space    used 7697K, capacity 8156K, committed 8192K, reserved 1048576K
}
Event: 37.651 GC heap after
{Heap after GC invocations=15 (full 0):
 garbage-first heap   total 131072K, used 51052K [0x00000000a0000000, 0x0000000100000000)
  region size 1024K, 8 young (8192K), 8 survivors (8192K)
 Metaspace       used 62194K, capacity 63627K, committed 63664K, reserved 1105920K
  class space    used 7697K, capacity 8156K, committed 8192K, reserved 1048576K
}
Event: 39.011 GC heap before
{Heap before GC invocations=15 (full 0):
 garbage-first heap   total 131072K, used 106348K [0x00000000a0000000, 0x0000000100000000)
  region size 1024K, 62 young (63488K), 8 survivors (8192K)
 Metaspace       used 63068K, capacity 64696K, committed 64944K, reserved 1105920K
  class space    used 7841K, capacity 8347K, committed 8448K, reserved 1048576K
}
Event: 39.037 GC heap after
{Heap after GC invocations=16 (full 0):
 garbage-first heap   total 131072K, used 55630K [0x00000000a0000000, 0x0000000100000000)
  region size 1024K, 8 young (8192K), 8 survivors (8192K)
 Metaspace       used 63068K, capacity 64696K, committed 64944K, reserved 1105920K
  class space    used 7841K, capacity 8347K, committed 8448K, reserved 1048576K
}
Event: 40.969 GC heap before
{Heap before GC invocations=16 (full 0):
 garbage-first heap   total 131072K, used 100686K [0x00000000a0000000, 0x0000000100000000)
  region size 1024K, 53 young (54272K), 8 survivors (8192K)
 Metaspace       used 67995K, capacity 69812K, committed 69936K, reserved 1110016K
  class space    used 8617K, capacity 9240K, committed 9344K, reserved 1048576K
}
Event: 40.997 GC heap after
{Heap after GC invocations=17 (full 0):
 garbage-first heap   total 131072K, used 58890K [0x00000000a0000000, 0x0000000100000000)
  region size 1024K, 3 young (3072K), 3 survivors (3072K)
 Metaspace       used 67995K, capacity 69812K, committed 69936K, reserved 1110016K
  class space    used 8617K, capacity 9240K, committed 9344K, reserved 1048576K
}
Event: 42.255 GC heap before
{Heap before GC invocations=18 (full 0):
 garbage-first heap   total 131072K, used 105994K [0x00000000a0000000, 0x0000000100000000)
  region size 1024K, 49 young (50176K), 3 survivors (3072K)
 Metaspace       used 69515K, capacity 71396K, committed 71472K, reserved 1112064K
  class space    used 8903K, capacity 9551K, committed 9600K, reserved 1048576K
}
Event: 42.273 GC heap after
{Heap after GC invocations=19 (full 0):
 garbage-first heap   total 131072K, used 62898K [0x00000000a0000000, 0x0000000100000000)
  region size 1024K, 7 young (7168K), 7 survivors (7168K)
 Metaspace       used 69515K, capacity 71396K, committed 71472K, reserved 1112064K
  class space    used 8903K, capacity 9551K, committed 9600K, reserved 1048576K
}

Deoptimization events (20 events):
Event: 42.958 Thread 0x00000204aa8f2000 DEOPT PACKING pc=0x000002049b9bd154 sp=0x000000b70d8f3af0
Event: 42.958 Thread 0x00000204aa8f2000 DEOPT UNPACKING pc=0x0000020493c3a1af sp=0x000000b70d8f3a60 mode 2
Event: 43.046 Thread 0x00000204aa8f2000 DEOPT PACKING pc=0x0000020494710511 sp=0x000000b70d8f1410
Event: 43.046 Thread 0x00000204aa8f2000 DEOPT UNPACKING pc=0x0000020493c3a95e sp=0x000000b70d8f08e8 mode 0
Event: 44.679 Thread 0x00000204ac1ba800 DEOPT PACKING pc=0x0000020494a6206e sp=0x000000b710efe810
Event: 44.679 Thread 0x00000204ac1ba800 DEOPT UNPACKING pc=0x0000020493c3a95e sp=0x000000b710efddc8 mode 0
Event: 44.688 Thread 0x00000204abc1b000 DEOPT PACKING pc=0x0000020494a6206e sp=0x000000b711efe990
Event: 44.688 Thread 0x00000204abc1b000 DEOPT UNPACKING pc=0x0000020493c3a95e sp=0x000000b711efdf48 mode 0
Event: 44.698 Thread 0x00000204abc25000 DEOPT PACKING pc=0x0000020494a6206e sp=0x000000b712efec90
Event: 44.698 Thread 0x00000204abc25000 DEOPT UNPACKING pc=0x0000020493c3a95e sp=0x000000b712efe248 mode 0
Event: 44.704 Thread 0x00000204aea06000 DEOPT PACKING pc=0x0000020494a6206e sp=0x000000b713ffeb10
Event: 44.705 Thread 0x00000204aea06000 DEOPT UNPACKING pc=0x0000020493c3a95e sp=0x000000b713ffe0c8 mode 0
Event: 44.710 Thread 0x00000204abd65000 DEOPT PACKING pc=0x0000020494a6206e sp=0x000000b714efe4e0
Event: 44.710 Thread 0x00000204abd65000 DEOPT UNPACKING pc=0x0000020493c3a95e sp=0x000000b714efda98 mode 0
Event: 44.773 Thread 0x00000204aa8f2000 DEOPT PACKING pc=0x00000204948d79f1 sp=0x000000b70d8fa080
Event: 44.773 Thread 0x00000204aa8f2000 DEOPT UNPACKING pc=0x0000020493c3a95e sp=0x000000b70d8f9578 mode 0
Event: 45.216 Thread 0x00000204aa8f2000 Uncommon trap: trap_request=0xffffff4d fr.pc=0x000002049b8c01f4 relative=0x00000000000001b4
Event: 45.216 Thread 0x00000204aa8f2000 Uncommon trap: reason=unstable_if action=reinterpret pc=0x000002049b8c01f4 method=com.esotericsoftware.kryo.io.Input.require(I)I @ 65 c2
Event: 45.216 Thread 0x00000204aa8f2000 DEOPT PACKING pc=0x000002049b8c01f4 sp=0x000000b70d8f9d50
Event: 45.216 Thread 0x00000204aa8f2000 DEOPT UNPACKING pc=0x0000020493c3a1af sp=0x000000b70d8f9d00 mode 2

Classes redefined (0 events):
No events

Internal exceptions (20 events):
Event: 45.029 Thread 0x00000204aa8f2000 Exception <a 'java/security/PrivilegedActionException'{0x00000000a5af4e38}> (0x00000000a5af4e38) thrown at [./src/hotspot/share/prims/jvm.cpp, line 1306]
Event: 45.029 Thread 0x00000204aa8f2000 Exception <a 'java/security/PrivilegedActionException'{0x00000000a5af60f8}> (0x00000000a5af60f8) thrown at [./src/hotspot/share/prims/jvm.cpp, line 1306]
Event: 45.029 Thread 0x00000204aa8f2000 Exception <a 'java/security/PrivilegedActionException'{0x00000000a5af9158}> (0x00000000a5af9158) thrown at [./src/hotspot/share/prims/jvm.cpp, line 1306]
Event: 45.029 Thread 0x00000204aa8f2000 Exception <a 'java/security/PrivilegedActionException'{0x00000000a5afa418}> (0x00000000a5afa418) thrown at [./src/hotspot/share/prims/jvm.cpp, line 1306]
Event: 45.031 Thread 0x00000204aa8f2000 Exception <a 'java/security/PrivilegedActionException'{0x00000000a5909020}> (0x00000000a5909020) thrown at [./src/hotspot/share/prims/jvm.cpp, line 1306]
Event: 45.031 Thread 0x00000204aa8f2000 Exception <a 'java/security/PrivilegedActionException'{0x00000000a590a2e0}> (0x00000000a590a2e0) thrown at [./src/hotspot/share/prims/jvm.cpp, line 1306]
Event: 45.032 Thread 0x00000204aa8f2000 Exception <a 'java/security/PrivilegedActionException'{0x00000000a590d2c8}> (0x00000000a590d2c8) thrown at [./src/hotspot/share/prims/jvm.cpp, line 1306]
Event: 45.032 Thread 0x00000204aa8f2000 Exception <a 'java/security/PrivilegedActionException'{0x00000000a590e588}> (0x00000000a590e588) thrown at [./src/hotspot/share/prims/jvm.cpp, line 1306]
Event: 45.032 Thread 0x00000204aa8f2000 Exception <a 'java/security/PrivilegedActionException'{0x00000000a5911670}> (0x00000000a5911670) thrown at [./src/hotspot/share/prims/jvm.cpp, line 1306]
Event: 45.032 Thread 0x00000204aa8f2000 Exception <a 'java/security/PrivilegedActionException'{0x00000000a5912930}> (0x00000000a5912930) thrown at [./src/hotspot/share/prims/jvm.cpp, line 1306]
Event: 45.038 Thread 0x00000204aa8f2000 Exception <a 'java/lang/ClassNotFoundException'{0x00000000a592e3e8}: com/android/build/gradle/LibraryExtension_DecoratedBeanInfo> (0x00000000a592e3e8) thrown at [./src/hotspot/share/classfile/systemDictionary.cpp, line 231]
Event: 45.040 Thread 0x00000204aa8f2000 Exception <a 'java/lang/ClassNotFoundException'{0x00000000a5945430}: com/android/build/gradle/LibraryExtensionBeanInfo> (0x00000000a5945430) thrown at [./src/hotspot/share/classfile/systemDictionary.cpp, line 231]
Event: 45.041 Thread 0x00000204aa8f2000 Exception <a 'java/lang/ClassNotFoundException'{0x00000000a595d7e0}: com/android/build/gradle/LibraryExtensionCustomizer> (0x00000000a595d7e0) thrown at [./src/hotspot/share/classfile/systemDictionary.cpp, line 231]
Event: 45.047 Thread 0x00000204aa8f2000 Exception <a 'java/lang/ClassNotFoundException'{0x00000000a5805f30}: com/android/build/gradle/LibraryExtension_DecoratedCustomizer> (0x00000000a5805f30) thrown at [./src/hotspot/share/classfile/systemDictionary.cpp, line 231]
Event: 45.060 Thread 0x00000204aa8f2000 Exception <a 'java/lang/ClassNotFoundException'{0x00000000a57322e8}: com/android/build/gradle/internal/dsl/LintOptions_DecoratedBeanInfo> (0x00000000a57322e8) thrown at [./src/hotspot/share/classfile/systemDictionary.cpp, line 231]
Event: 45.060 Thread 0x00000204aa8f2000 Exception <a 'java/lang/ClassNotFoundException'{0x00000000a574bd70}: com/android/build/gradle/internal/dsl/LintOptionsBeanInfo> (0x00000000a574bd70) thrown at [./src/hotspot/share/classfile/systemDictionary.cpp, line 231]
Event: 45.061 Thread 0x00000204aa8f2000 Exception <a 'java/lang/ClassNotFoundException'{0x00000000a5766d18}: com/android/build/gradle/internal/dsl/LintOptionsCustomizer> (0x00000000a5766d18) thrown at [./src/hotspot/share/classfile/systemDictionary.cpp, line 231]
Event: 45.065 Thread 0x00000204aa8f2000 Exception <a 'java/lang/ClassNotFoundException'{0x00000000a57be888}: com/android/build/gradle/internal/dsl/LintOptions_DecoratedCustomizer> (0x00000000a57be888) thrown at [./src/hotspot/share/classfile/systemDictionary.cpp, line 231]
Event: 45.090 Thread 0x00000204aa8f2000 Exception <a 'java/lang/ClassNotFoundException'{0x00000000a56d2fc0}: java/lang/MathBeanInfo> (0x00000000a56d2fc0) thrown at [./src/hotspot/share/classfile/systemDictionary.cpp, line 231]
Event: 45.090 Thread 0x00000204aa8f2000 Exception <a 'java/lang/ClassNotFoundException'{0x00000000a56dad18}: java/lang/MathCustomizer> (0x00000000a56dad18) thrown at [./src/hotspot/share/classfile/systemDictionary.cpp, line 231]

Events (20 events):
Event: 45.119 loading class org/gradle/api/internal/artifacts/ivyservice/resolveengine/result/StreamingResolutionResultBuilder$RootFactory
Event: 45.119 loading class org/gradle/api/internal/artifacts/ivyservice/resolveengine/result/StreamingResolutionResultBuilder$RootFactory done
Event: 45.119 loading class org/gradle/cache/internal/BinaryStore$ReadAction
Event: 45.119 loading class org/gradle/cache/internal/BinaryStore$ReadAction done
Event: 45.197 loading class org/gradle/internal/serialize/kryo/StringDeduplicatingKryoBackedDecoder
Event: 45.197 loading class org/gradle/internal/serialize/kryo/StringDeduplicatingKryoBackedDecoder done
Event: 45.217 loading class org/gradle/api/internal/artifacts/ivyservice/resolveengine/result/CachingComponentSelectionDescriptorFactory$Key
Event: 45.217 loading class org/gradle/api/internal/artifacts/ivyservice/resolveengine/result/CachingComponentSelectionDescriptorFactory$Key done
Event: 45.220 loading class org/gradle/api/artifacts/result/ComponentSelectionCause
Event: 45.220 loading class org/gradle/api/artifacts/result/ComponentSelectionCause done
Event: 45.220 loading class org/gradle/api/artifacts/result/ComponentSelectionDescriptor
Event: 45.220 loading class org/gradle/api/artifacts/result/ComponentSelectionDescriptor done
Event: 45.220 loading class org/gradle/api/artifacts/result/ComponentSelectionCause
Event: 45.220 loading class org/gradle/api/artifacts/result/ComponentSelectionCause done
Event: 45.225 loading class org/gradle/api/artifacts/result/ComponentSelectionCause
Event: 45.225 loading class org/gradle/api/artifacts/result/ComponentSelectionCause done
Event: 45.225 loading class org/gradle/api/artifacts/result/ComponentSelectionCause
Event: 45.225 loading class org/gradle/api/artifacts/result/ComponentSelectionCause done
Event: 45.230 loading class org/gradle/api/internal/artifacts/ivyservice/resolveengine/result/DetachedResolvedGraphDependency
Event: 45.230 loading class org/gradle/api/internal/artifacts/ivyservice/resolveengine/result/DetachedResolvedGraphDependency done


Dynamic libraries:
0x00007ff735320000 - 0x00007ff73532a000 	C:\Users\Eng Akeid Altamimi\andriod studio\jre\bin\java.exe
0x00007ffe112e0000 - 0x00007ffe114d0000 	C:\Windows\SYSTEM32\ntdll.dll
0x00007ffe111e0000 - 0x00007ffe11292000 	C:\Windows\System32\KERNEL32.DLL
0x00007ffe0ee80000 - 0x00007ffe0f125000 	C:\Windows\System32\KERNELBASE.dll
0x00007ffe0e250000 - 0x00007ffe0e34a000 	C:\Windows\System32\ucrtbase.dll
0x00007ffddf9f0000 - 0x00007ffddfa09000 	C:\Users\Eng Akeid Altamimi\andriod studio\jre\bin\jli.dll
0x00007ffe0f7a0000 - 0x00007ffe0f934000 	C:\Windows\System32\USER32.dll
0x00007ffe0ed20000 - 0x00007ffe0ed41000 	C:\Windows\System32\win32u.dll
0x00007ffe0f390000 - 0x00007ffe0f3b6000 	C:\Windows\System32\GDI32.dll
0x00007ffe0e400000 - 0x00007ffe0e598000 	C:\Windows\System32\gdi32full.dll
0x00007ffe0f190000 - 0x00007ffe0f22e000 	C:\Windows\System32\msvcp_win.dll
0x00007ffddf9d0000 - 0x00007ffddf9e7000 	C:\Users\Eng Akeid Altamimi\andriod studio\jre\bin\VCRUNTIME140.dll
0x00007ffde6ba0000 - 0x00007ffde6e24000 	C:\Windows\WinSxS\amd64_microsoft.windows.common-controls_6595b64144ccf1df_6.0.18362.1556_none_9e7e372fe45e41d5\COMCTL32.dll
0x00007ffe0f940000 - 0x00007ffe0f9de000 	C:\Windows\System32\msvcrt.dll
0x00007ffe107e0000 - 0x00007ffe10b16000 	C:\Windows\System32\combase.dll
0x00007ffe11010000 - 0x00007ffe1112f000 	C:\Windows\System32\RPCRT4.dll
0x00007ffe0edf0000 - 0x00007ffe0ee71000 	C:\Windows\System32\bcryptPrimitives.dll
0x00007ffe106c0000 - 0x00007ffe106ee000 	C:\Windows\System32\IMM32.DLL
0x00007ffdd9660000 - 0x00007ffdd96fd000 	C:\Users\Eng Akeid Altamimi\andriod studio\jre\bin\msvcp140.dll
0x00007ffda96f0000 - 0x00007ffdaa1f2000 	C:\Users\Eng Akeid Altamimi\andriod studio\jre\bin\server\jvm.dll
0x00007ffe11130000 - 0x00007ffe111d3000 	C:\Windows\System32\ADVAPI32.dll
0x00007ffe10140000 - 0x00007ffe101d7000 	C:\Windows\System32\sechost.dll
0x00007ffe101e0000 - 0x00007ffe101e8000 	C:\Windows\System32\PSAPI.DLL
0x00007ffdebb90000 - 0x00007ffdebb99000 	C:\Windows\SYSTEM32\WSOCK32.dll
0x00007ffe0f9e0000 - 0x00007ffe0fa4f000 	C:\Windows\System32\WS2_32.dll
0x00007ffe0ae20000 - 0x00007ffe0ae44000 	C:\Windows\SYSTEM32\WINMM.dll
0x00007ffe060f0000 - 0x00007ffe060fa000 	C:\Windows\SYSTEM32\VERSION.dll
0x00007ffe0adf0000 - 0x00007ffe0ae1d000 	C:\Windows\SYSTEM32\winmmbase.dll
0x00007ffe0eda0000 - 0x00007ffe0edea000 	C:\Windows\System32\cfgmgr32.dll
0x00007ffe0e1a0000 - 0x00007ffe0e1b1000 	C:\Windows\System32\kernel.appcore.dll
0x00007ffde37d0000 - 0x00007ffde37e1000 	C:\Users\Eng Akeid Altamimi\andriod studio\jre\bin\verify.dll
0x00007ffdf4d60000 - 0x00007ffdf4f54000 	C:\Windows\SYSTEM32\DBGHELP.DLL
0x00007ffdf4fb0000 - 0x00007ffdf4fda000 	C:\Windows\SYSTEM32\dbgcore.DLL
0x00007ffde3130000 - 0x00007ffde3159000 	C:\Users\Eng Akeid Altamimi\andriod studio\jre\bin\java.dll
0x00007ffde9dd0000 - 0x00007ffde9ddb000 	C:\Users\Eng Akeid Altamimi\andriod studio\jre\bin\jimage.dll
0x00007ffdd8d30000 - 0x00007ffdd8d48000 	C:\Users\Eng Akeid Altamimi\andriod studio\jre\bin\zip.dll
0x00007ffe0fa50000 - 0x00007ffe10137000 	C:\Windows\System32\SHELL32.dll
0x00007ffe10db0000 - 0x00007ffe10e58000 	C:\Windows\System32\shcore.dll
0x00007ffe0e5a0000 - 0x00007ffe0ed1b000 	C:\Windows\System32\windows.storage.dll
0x00007ffe0e230000 - 0x00007ffe0e24e000 	C:\Windows\System32\profapi.dll
0x00007ffe0e1e0000 - 0x00007ffe0e22a000 	C:\Windows\System32\powrprof.dll
0x00007ffe0e190000 - 0x00007ffe0e1a0000 	C:\Windows\System32\UMPDC.dll
0x00007ffe10770000 - 0x00007ffe107c2000 	C:\Windows\System32\shlwapi.dll
0x00007ffe0ed50000 - 0x00007ffe0ed67000 	C:\Windows\System32\cryptsp.dll
0x00007ffdd8c40000 - 0x00007ffdd8c5a000 	C:\Users\Eng Akeid Altamimi\andriod studio\jre\bin\net.dll
0x00007ffe03a80000 - 0x00007ffe03b7a000 	C:\Windows\SYSTEM32\WINHTTP.dll
0x00007ffe0d960000 - 0x00007ffe0d9c7000 	C:\Windows\system32\mswsock.dll
0x00007ffdd2140000 - 0x00007ffdd2154000 	C:\Users\Eng Akeid Altamimi\andriod studio\jre\bin\nio.dll
0x00007ffddf910000 - 0x00007ffddf936000 	C:\Users\Eng Akeid Altamimi\.gradle\native\fdc75f09e3144964f2cf3f50f0aa648679c211496f362492102eb8c894070792\windows-amd64\native-platform.dll
0x00007ffda88c0000 - 0x00007ffda8a51000 	C:\Users\Eng Akeid Altamimi\.gradle\native\12488b8bf47d2d4c9fbf2f6322a914ad602e24e48041cd04a747c6da556b65c4\windows-amd64\native-platform-file-events.dll
0x00007ffde8cc0000 - 0x00007ffde8cca000 	C:\Users\Eng Akeid Altamimi\andriod studio\jre\bin\management.dll
0x00007ffde8890000 - 0x00007ffde889d000 	C:\Users\Eng Akeid Altamimi\andriod studio\jre\bin\management_ext.dll
0x00007ffe0d4f0000 - 0x00007ffe0d523000 	C:\Windows\system32\rsaenh.dll
0x00007ffe0ed70000 - 0x00007ffe0ed96000 	C:\Windows\System32\bcrypt.dll
0x00007ffe0e0b0000 - 0x00007ffe0e0d5000 	C:\Windows\SYSTEM32\USERENV.dll
0x00007ffe0db90000 - 0x00007ffe0db9c000 	C:\Windows\SYSTEM32\CRYPTBASE.dll
0x00007ffe0d680000 - 0x00007ffe0d6ba000 	C:\Windows\SYSTEM32\IPHLPAPI.DLL
0x00007ffe0f6e0000 - 0x00007ffe0f6e8000 	C:\Windows\System32\NSI.dll
0x00007ffe06300000 - 0x00007ffe06316000 	C:\Windows\SYSTEM32\dhcpcsvc6.DLL
0x00007ffe06b30000 - 0x00007ffe06b4c000 	C:\Windows\SYSTEM32\dhcpcsvc.DLL
0x00007ffe0d6c0000 - 0x00007ffe0d78b000 	C:\Windows\SYSTEM32\DNSAPI.dll
0x00007ffe079d0000 - 0x00007ffe079db000 	C:\Windows\SYSTEM32\WINNSI.DLL

dbghelp: loaded successfully - version: 4.0.5 - missing functions: none
symbol engine: initialized successfully - sym options: 0x614 - pdb path: .;C:\Users\Eng Akeid Altamimi\andriod studio\jre\bin;C:\Windows\SYSTEM32;C:\Windows\WinSxS\amd64_microsoft.windows.common-controls_6595b64144ccf1df_6.0.18362.1556_none_9e7e372fe45e41d5;C:\Users\Eng Akeid Altamimi\andriod studio\jre\bin\server;C:\Users\Eng Akeid Altamimi\.gradle\native\fdc75f09e3144964f2cf3f50f0aa648679c211496f362492102eb8c894070792\windows-amd64;C:\Users\Eng Akeid Altamimi\.gradle\native\12488b8bf47d2d4c9fbf2f6322a914ad602e24e48041cd04a747c6da556b65c4\windows-amd64

VM Arguments:
jvm_args: --add-opens=java.base/java.util=ALL-UNNAMED --add-opens=java.base/java.lang=ALL-UNNAMED --add-opens=java.base/java.lang.invoke=ALL-UNNAMED --add-opens=java.prefs/java.util.prefs=ALL-UNNAMED -Xmx1536M -Dfile.encoding=windows-1256 -Duser.country=SA -Duser.language=ar -Duser.variant 
java_command: org.gradle.launcher.daemon.bootstrap.GradleDaemon 6.7
java_class_path (initial): C:\Users\Eng Akeid Altamimi\.gradle\wrapper\dists\gradle-6.7-all\cuy9mc7upwgwgeb72wkcrupxe\gradle-6.7\lib\gradle-launcher-6.7.jar
Launcher Type: SUN_STANDARD

[Global flags]
     intx CICompilerCount                          = 3                                         {product} {ergonomic}
     uint ConcGCThreads                            = 1                                         {product} {ergonomic}
     uint G1ConcRefinementThreads                  = 4                                         {product} {ergonomic}
   size_t G1HeapRegionSize                         = 1048576                                   {product} {ergonomic}
    uintx GCDrainStackTargetSize                   = 64                                        {product} {ergonomic}
   size_t InitialHeapSize                          = 134217728                                 {product} {ergonomic}
   size_t MarkStackSize                            = 4194304                                   {product} {ergonomic}
   size_t MaxHeapSize                              = 1610612736                                {product} {command line}
   size_t MaxNewSize                               = 965738496                                 {product} {ergonomic}
   size_t MinHeapDeltaBytes                        = 1048576                                   {product} {ergonomic}
    uintx NonNMethodCodeHeapSize                   = 5830732                                {pd product} {ergonomic}
    uintx NonProfiledCodeHeapSize                  = 122913754                              {pd product} {ergonomic}
    uintx ProfiledCodeHeapSize                     = 122913754                              {pd product} {ergonomic}
    uintx ReservedCodeCacheSize                    = 251658240                              {pd product} {ergonomic}
     bool SegmentedCodeCache                       = true                                      {product} {ergonomic}
     bool UseCompressedClassPointers               = true                                 {lp64_product} {ergonomic}
     bool UseCompressedOops                        = true                                 {lp64_product} {ergonomic}
     bool UseG1GC                                  = true                                      {product} {ergonomic}
     bool UseLargePagesIndividualAllocation        = false                                  {pd product} {ergonomic}

Logging:
Log output configuration:
 #0: stdout all=warning uptime,level,tags
 #1: stderr all=off uptime,level,tags

Environment Variables:
JAVA_HOME=C:\Users\Eng Akeid Altamimi\andriod studio\jre
CLASSPATH=D:\mobile\src\al_baseetApp_main\al_baseet\android\\gradle\wrapper\gradle-wrapper.jar
PATH=C:\Program Files (x86)\Common Files\Oracle\Java\javapath;C:\Program Files (x86)\Embarcadero\Studio\22.0\bin;C:\Users\Public\Documents\Embarcadero\Studio\22.0\Bpl;C:\Program Files (x86)\Embarcadero\Studio\22.0\bin64;C:\Users\Public\Documents\Embarcadero\Studio\22.0\Bpl\Win64;C:\Program Files (x86)\Embarcadero\Studio\21.0\bin;C:\Users\Public\Documents\Embarcadero\Studio\21.0\Bpl;C:\Program Files (x86)\Embarcadero\Studio\21.0\bin64;C:\Users\Public\Documents\Embarcadero\Studio\21.0\Bpl\Win64;C:\Windows\system32;C:\Windows;C:\Windows\System32\Wbem;C:\Windows\System32\WindowsPowerShell\v1.0\;C:\Windows\System32\OpenSSH\;C:\Program Files\nodejs\;C:\Program Files\Microsoft SQL Server\120\Tools\Binn\;C:\Program Files\Microsoft SQL Server\130\Tools\Binn\;C:\Program Files\dotnet\;C:\Program Files\Microsoft SQL Server\Client SDK\ODBC\170\Tools\Binn\;C:\Program Files\Microsoft SQL Server\150\Tools\Binn\;C:\Program Files\Microsoft SQL Server\120\DTS\Binn\;C:\Program Files\Microsoft SQL Server\Client SDK\ODBC\110\Tools\Binn\;C:\Program Files (x86)\Microsoft SQL Server\120\Tools\Binn\;C:\Program Files (x86)\Microsoft SQL Server\120\Tools\Binn\ManagementStudio\;C:\Program Files (x86)\Microsoft SQL Server\120\DTS\Binn\;C:\Program Files\Java\jdk1.8.0_351\bin;C:\Users\Eng Akeid Altamimi\AppData\Local\Microsoft\WindowsApps;C:\Users\Eng Akeid Altamimi\AppData\Roaming\npm;C:\Users\Eng Akeid Altamimi\AppData\LocalLow\Microsoft VS Code\bin;C:\Users\Eng Akeid Altamimi\AppData\Local\Programs\Microsoft VS Code\bin;C:\Users\Eng Akeid Altamimi\.dotnet\tools;C:\dart\dart-sdk\bin;C:\Windows\Devlopment\flutter\bin;C:\Program Files\Java\jdk1.8.0_351\bin;;C:\Windows\Devlopment\flutter\bin\mingit\cmd
USERNAME=Eng Akeid Altamimi
OS=Windows_NT
PROCESSOR_IDENTIFIER=Intel64 Family 6 Model 61 Stepping 4, GenuineIntel



---------------  S Y S T E M  ---------------

OS: Windows 10 , 64 bit Build 18362 (10.0.18362.1500)
OS uptime: 5 days 22:41 hours

CPU:total 4 (initial active 4) (2 cores per cpu, 2 threads per core) family 6 model 61 stepping 4 microcode 0x2f, cmov, cx8, fxsr, mmx, sse, sse2, sse3, ssse3, sse4.1, sse4.2, popcnt, avx, avx2, aes, clmul, erms, rtm, 3dnowpref, lzcnt, ht, tsc, tscinvbit, bmi1, bmi2, adx, fma

Memory: 4k page, system-wide physical 8067M (183M free)
TotalPageFile size 12067M (AvailPageFile size 0M)
current process WorkingSet (physical memory assigned to process): 346M, peak: 347M
current process commit charge ("private bytes"): 381M, peak: 382M

vm_info: OpenJDK 64-Bit Server VM (11.0.13+0-b1751.21-8125866) for windows-amd64 JRE (11.0.13+0-b1751.21-8125866), built on Feb  2 2022 03:00:22 by "builder" with MS VC++ 14.0 (VS2015)

END.
